
*** Running vivado
    with args -log LinearFeedbackShiftReg.vdi -applog -m64 -messageDb vivado.pb -mode batch -source LinearFeedbackShiftReg.tcl -notrace


****** Vivado v2016.1 (64-bit)
  **** SW Build 1538259 on Fri Apr  8 15:45:27 MDT 2016
  **** IP Build 1537824 on Fri Apr  8 04:28:57 MDT 2016
    ** Copyright 1986-2016 Xilinx, Inc. All Rights Reserved.

source LinearFeedbackShiftReg.tcl -notrace
Design is defaulting to srcset: sources_1
Design is defaulting to constrset: constrs_1
INFO: [Netlist 29-17] Analyzing 2 Unisim elements for replacement
INFO: [Netlist 29-28] Unisim Transformation completed in 0 CPU seconds
INFO: [Project 1-479] Netlist was created with Vivado 2016.1
INFO: [Device 21-403] Loading part xc7z020clg484-1
INFO: [Project 1-570] Preparing netlist for logic optimization
INFO: [Opt 31-138] Pushed 0 inverter(s) to 0 load pin(s).
INFO: [Project 1-111] Unisim Transformation Summary:
No Unisim elements were transformed.

link_design: Time (s): cpu = 00:00:04 ; elapsed = 00:00:06 . Memory (MB): peak = 494.492 ; gain = 264.004
INFO: [Vivado_Tcl 4-424] Cannot write hardware definition file as there are no IPI block design hardware handoff files present
Command: opt_design
Attempting to get a license for feature 'Implementation' and/or device 'xc7z020'
INFO: [Common 17-349] Got license for feature 'Implementation' and/or device 'xc7z020'
Running DRC as a precondition to command opt_design

Starting DRC Task
INFO: [DRC 23-27] Running DRC with 2 threads
INFO: [Project 1-461] DRC finished with 0 Errors
INFO: [Project 1-462] Please refer to the DRC report (report_drc) for more information.

Time (s): cpu = 00:00:00 ; elapsed = 00:00:00.065 . Memory (MB): peak = 500.988 ; gain = 6.332
INFO: [Timing 38-35] Done setting XDC timing constraints.

Starting Logic Optimization Task
Implement Debug Cores | Checksum: c4bc3721

Phase 1 Retarget
INFO: [Opt 31-138] Pushed 0 inverter(s) to 0 load pin(s).
INFO: [Opt 31-49] Retargeted 0 cell(s).
Phase 1 Retarget | Checksum: c4bc3721

Time (s): cpu = 00:00:00 ; elapsed = 00:00:00.011 . Memory (MB): peak = 974.871 ; gain = 0.000

Phase 2 Constant Propagation
INFO: [Opt 31-138] Pushed 0 inverter(s) to 0 load pin(s).
INFO: [Opt 31-10] Eliminated 0 cells.
Phase 2 Constant Propagation | Checksum: c4bc3721

Time (s): cpu = 00:00:00 ; elapsed = 00:00:00.016 . Memory (MB): peak = 974.871 ; gain = 0.000

Phase 3 Sweep
INFO: [Opt 31-12] Eliminated 0 unconnected nets.
INFO: [Opt 31-11] Eliminated 0 unconnected cells.
Phase 3 Sweep | Checksum: c4bc3721

Time (s): cpu = 00:00:00 ; elapsed = 00:00:00.020 . Memory (MB): peak = 974.871 ; gain = 0.000

Starting Connectivity Check Task

Time (s): cpu = 00:00:00 ; elapsed = 00:00:00.001 . Memory (MB): peak = 974.871 ; gain = 0.000
Ending Logic Optimization Task | Checksum: c4bc3721

Time (s): cpu = 00:00:00 ; elapsed = 00:00:00.021 . Memory (MB): peak = 974.871 ; gain = 0.000

Starting Power Optimization Task
INFO: [Pwropt 34-132] Skipping clock gating for clocks with a period < 2.00 ns.
Ending Power Optimization Task | Checksum: c4bc3721

Time (s): cpu = 00:00:00 ; elapsed = 00:00:00.010 . Memory (MB): peak = 974.871 ; gain = 0.000
INFO: [Common 17-83] Releasing license: Implementation
21 Infos, 0 Warnings, 0 Critical Warnings and 0 Errors encountered.
opt_design completed successfully
opt_design: Time (s): cpu = 00:00:09 ; elapsed = 00:00:10 . Memory (MB): peak = 974.871 ; gain = 480.215
INFO: [DRC 23-27] Running DRC with 2 threads
INFO: [Coretcl 2-168] The results of DRC are in file C:/Users/gomjellie/Documents/GitHub/Verilog/LinearFeedbackShiftReg/LinearFeedbackShiftReg.runs/impl_1/LinearFeedbackShiftReg_drc_opted.rpt.
INFO: [Chipscope 16-241] No debug cores found in the current design.
Before running the implement_debug_core command, either use the Set Up Debug wizard (GUI mode)
or use the create_debug_core and connect_debug_core Tcl commands to insert debug cores into the design.
Command: place_design
Attempting to get a license for feature 'Implementation' and/or device 'xc7z020'
INFO: [Common 17-349] Got license for feature 'Implementation' and/or device 'xc7z020'
INFO: [DRC 23-27] Running DRC with 2 threads
INFO: [Vivado_Tcl 4-198] DRC finished with 0 Errors
INFO: [Vivado_Tcl 4-199] Please refer to the DRC report (report_drc) for more information.
Running DRC as a precondition to command place_design
INFO: [DRC 23-27] Running DRC with 2 threads
INFO: [Vivado_Tcl 4-198] DRC finished with 0 Errors
INFO: [Vivado_Tcl 4-199] Please refer to the DRC report (report_drc) for more information.

Starting Placer Task
INFO: [Place 30-611] Multithreading enabled for place_design using a maximum of 2 CPUs

Phase 1 Placer Initialization
Netlist sorting complete. Time (s): cpu = 00:00:00 ; elapsed = 00:00:00 . Memory (MB): peak = 974.871 ; gain = 0.000
Netlist sorting complete. Time (s): cpu = 00:00:00 ; elapsed = 00:00:00 . Memory (MB): peak = 974.871 ; gain = 0.000

Phase 1.1 IO Placement/ Clock Placement/ Build Placer Device

Phase 1.1.1 Pre-Place Cells
Phase 1.1.1 Pre-Place Cells | Checksum: 00000000

Time (s): cpu = 00:00:00 ; elapsed = 00:00:00.031 . Memory (MB): peak = 974.871 ; gain = 0.000
INFO: [Timing 38-35] Done setting XDC timing constraints.

Phase 1.1.2 IO and Clk Clean Up
Phase 1.1.2 IO and Clk Clean Up | Checksum: 00000000

Time (s): cpu = 00:00:01 ; elapsed = 00:00:00.407 . Memory (MB): peak = 991.566 ; gain = 16.695

Phase 1.1.3 Implementation Feasibility check On IDelay
Phase 1.1.3 Implementation Feasibility check On IDelay | Checksum: 00000000

Time (s): cpu = 00:00:01 ; elapsed = 00:00:00.408 . Memory (MB): peak = 991.566 ; gain = 16.695

Phase 1.1.4 Commit IO Placement
Phase 1.1.4 Commit IO Placement | Checksum: be95ac33

Time (s): cpu = 00:00:01 ; elapsed = 00:00:00.409 . Memory (MB): peak = 991.566 ; gain = 16.695
Phase 1.1 IO Placement/ Clock Placement/ Build Placer Device | Checksum: 10d4c0392

Time (s): cpu = 00:00:01 ; elapsed = 00:00:00.410 . Memory (MB): peak = 991.566 ; gain = 16.695

Phase 1.2 Build Placer Netlist Model

Phase 1.2.1 Place Init Design
Phase 1.2.1 Place Init Design | Checksum: 159a89888

Time (s): cpu = 00:00:01 ; elapsed = 00:00:00.428 . Memory (MB): peak = 991.566 ; gain = 16.695
Phase 1.2 Build Placer Netlist Model | Checksum: 159a89888

Time (s): cpu = 00:00:01 ; elapsed = 00:00:00.428 . Memory (MB): peak = 991.566 ; gain = 16.695

Phase 1.3 Constrain Clocks/Macros
Phase 1.3 Constrain Clocks/Macros | Checksum: 159a89888

Time (s): cpu = 00:00:01 ; elapsed = 00:00:00.430 . Memory (MB): peak = 991.566 ; gain = 16.695
Phase 1 Placer Initialization | Checksum: 159a89888

Time (s): cpu = 00:00:01 ; elapsed = 00:00:00.432 . Memory (MB): peak = 991.566 ; gain = 16.695

Phase 2 Global Placement
Phase 2 Global Placement | Checksum: 1cb055269

Time (s): cpu = 00:00:01 ; elapsed = 00:00:00.561 . Memory (MB): peak = 991.566 ; gain = 16.695

Phase 3 Detail Placement

Phase 3.1 Commit Multi Column Macros
Phase 3.1 Commit Multi Column Macros | Checksum: 1cb055269

Time (s): cpu = 00:00:01 ; elapsed = 00:00:00.565 . Memory (MB): peak = 991.566 ; gain = 16.695

Phase 3.2 Commit Most Macros & LUTRAMs
Phase 3.2 Commit Most Macros & LUTRAMs | Checksum: 1df83a487

Time (s): cpu = 00:00:01 ; elapsed = 00:00:00.575 . Memory (MB): peak = 991.566 ; gain = 16.695

Phase 3.3 Area Swap Optimization
Phase 3.3 Area Swap Optimization | Checksum: 1a0038028

Time (s): cpu = 00:00:01 ; elapsed = 00:00:00.585 . Memory (MB): peak = 991.566 ; gain = 16.695

Phase 3.4 Small Shape Detail Placement
Phase 3.4 Small Shape Detail Placement | Checksum: 18db1dc4f

Time (s): cpu = 00:00:01 ; elapsed = 00:00:00.729 . Memory (MB): peak = 991.566 ; gain = 16.695

Phase 3.5 Re-assign LUT pins
Phase 3.5 Re-assign LUT pins | Checksum: 18db1dc4f

Time (s): cpu = 00:00:01 ; elapsed = 00:00:00.731 . Memory (MB): peak = 991.566 ; gain = 16.695

Phase 3.6 Pipeline Register Optimization
Phase 3.6 Pipeline Register Optimization | Checksum: 18db1dc4f

Time (s): cpu = 00:00:01 ; elapsed = 00:00:00.731 . Memory (MB): peak = 991.566 ; gain = 16.695
Phase 3 Detail Placement | Checksum: 18db1dc4f

Time (s): cpu = 00:00:01 ; elapsed = 00:00:00.731 . Memory (MB): peak = 991.566 ; gain = 16.695

Phase 4 Post Placement Optimization and Clean-Up

Phase 4.1 Post Commit Optimization
Phase 4.1 Post Commit Optimization | Checksum: 18db1dc4f

Time (s): cpu = 00:00:01 ; elapsed = 00:00:00.735 . Memory (MB): peak = 991.566 ; gain = 16.695

Phase 4.2 Sweep Clock Roots: Post-Placement
Phase 4.2 Sweep Clock Roots: Post-Placement | Checksum: 18db1dc4f

Time (s): cpu = 00:00:01 ; elapsed = 00:00:00.738 . Memory (MB): peak = 991.566 ; gain = 16.695

Phase 4.3 Post Placement Cleanup
Phase 4.3 Post Placement Cleanup | Checksum: 18db1dc4f

Time (s): cpu = 00:00:01 ; elapsed = 00:00:00.738 . Memory (MB): peak = 991.566 ; gain = 16.695

Phase 4.4 Placer Reporting
Phase 4.4 Placer Reporting | Checksum: 18db1dc4f

Time (s): cpu = 00:00:01 ; elapsed = 00:00:00.739 . Memory (MB): peak = 991.566 ; gain = 16.695

Phase 4.5 Final Placement Cleanup
Phase 4.5 Final Placement Cleanup | Checksum: 168de36dc

Time (s): cpu = 00:00:01 ; elapsed = 00:00:00.740 . Memory (MB): peak = 991.566 ; gain = 16.695
Phase 4 Post Placement Optimization and Clean-Up | Checksum: 168de36dc

Time (s): cpu = 00:00:01 ; elapsed = 00:00:00.740 . Memory (MB): peak = 991.566 ; gain = 16.695
Ending Placer Task | Checksum: 962b22d9

Time (s): cpu = 00:00:01 ; elapsed = 00:00:00.746 . Memory (MB): peak = 991.566 ; gain = 16.695
INFO: [Common 17-83] Releasing license: Implementation
34 Infos, 0 Warnings, 0 Critical Warnings and 0 Errors encountered.
place_design completed successfully
Writing placer database...
Writing XDEF routing.
Writing XDEF routing logical nets.
Writing XDEF routing special nets.
Write XDEF Complete: Time (s): cpu = 00:00:01 ; elapsed = 00:00:00.093 . Memory (MB): peak = 991.566 ; gain = 0.000
report_io: Time (s): cpu = 00:00:00 ; elapsed = 00:00:00.047 . Memory (MB): peak = 991.566 ; gain = 0.000
report_utilization: Time (s): cpu = 00:00:00 ; elapsed = 00:00:00.020 . Memory (MB): peak = 991.566 ; gain = 0.000
report_control_sets: Time (s): cpu = 00:00:00 ; elapsed = 00:00:00.002 . Memory (MB): peak = 991.566 ; gain = 0.000
Command: route_design
Attempting to get a license for feature 'Implementation' and/or device 'xc7z020'
INFO: [Common 17-349] Got license for feature 'Implementation' and/or device 'xc7z020'
Running DRC as a precondition to command route_design
INFO: [DRC 23-27] Running DRC with 2 threads
INFO: [Vivado_Tcl 4-198] DRC finished with 0 Errors
INFO: [Vivado_Tcl 4-199] Please refer to the DRC report (report_drc) for more information.


Starting Routing Task
INFO: [Route 35-254] Multithreading enabled for route_design using a maximum of 2 CPUs
Checksum: PlaceDB: 6c4870ed ConstDB: 0 ShapeSum: 29e2b1ec RouteDB: 0

Phase 1 Build RT Design
Phase 1 Build RT Design | Checksum: a686ad87

Time (s): cpu = 00:00:26 ; elapsed = 00:00:23 . Memory (MB): peak = 1089.703 ; gain = 98.137

Phase 2 Router Initialization
INFO: [Route 35-64] No timing constraints were detected. The router will operate in resource-optimization mode.

Phase 2.1 Fix Topology Constraints
Phase 2.1 Fix Topology Constraints | Checksum: a686ad87

Time (s): cpu = 00:00:26 ; elapsed = 00:00:23 . Memory (MB): peak = 1094.641 ; gain = 103.074

Phase 2.2 Pre Route Cleanup
Phase 2.2 Pre Route Cleanup | Checksum: a686ad87

Time (s): cpu = 00:00:26 ; elapsed = 00:00:23 . Memory (MB): peak = 1094.641 ; gain = 103.074
 Number of Nodes with overlaps = 0
Phase 2 Router Initialization | Checksum: 1d54b59cc

Time (s): cpu = 00:00:26 ; elapsed = 00:00:23 . Memory (MB): peak = 1101.961 ; gain = 110.395

Phase 3 Initial Routing
 Number of Nodes with overlaps = 0
Phase 3 Initial Routing | Checksum: 197a4fefa

Time (s): cpu = 00:00:26 ; elapsed = 00:00:23 . Memory (MB): peak = 1101.961 ; gain = 110.395

Phase 4 Rip-up And Reroute

Phase 4.1 Global Iteration 0
Phase 4.1 Global Iteration 0 | Checksum: 197a4fefa

Time (s): cpu = 00:00:26 ; elapsed = 00:00:23 . Memory (MB): peak = 1101.961 ; gain = 110.395

Phase 4.2 Global Iteration 1
Phase 4.2 Global Iteration 1 | Checksum: 197a4fefa

Time (s): cpu = 00:00:26 ; elapsed = 00:00:23 . Memory (MB): peak = 1101.961 ; gain = 110.395

Phase 4.3 Global Iteration 2
Phase 4.3 Global Iteration 2 | Checksum: 197a4fefa

Time (s): cpu = 00:00:26 ; elapsed = 00:00:23 . Memory (MB): peak = 1101.961 ; gain = 110.395

Phase 4.4 Global Iteration 3
Phase 4.4 Global Iteration 3 | Checksum: 197a4fefa

Time (s): cpu = 00:00:26 ; elapsed = 00:00:23 . Memory (MB): peak = 1101.961 ; gain = 110.395

Phase 4.5 Global Iteration 4
Phase 4.5 Global Iteration 4 | Checksum: 197a4fefa

Time (s): cpu = 00:00:26 ; elapsed = 00:00:23 . Memory (MB): peak = 1101.961 ; gain = 110.395
Phase 4 Rip-up And Reroute | Checksum: 197a4fefa

Time (s): cpu = 00:00:26 ; elapsed = 00:00:23 . Memory (MB): peak = 1101.961 ; gain = 110.395

Phase 5 Delay and Skew Optimization
Phase 5 Delay and Skew Optimization | Checksum: 197a4fefa

Time (s): cpu = 00:00:26 ; elapsed = 00:00:23 . Memory (MB): peak = 1101.961 ; gain = 110.395

Phase 6 Post Hold Fix

Phase 6.1 Hold Fix Iter
Phase 6.1 Hold Fix Iter | Checksum: 197a4fefa

Time (s): cpu = 00:00:26 ; elapsed = 00:00:23 . Memory (MB): peak = 1101.961 ; gain = 110.395
Phase 6 Post Hold Fix | Checksum: 197a4fefa

Time (s): cpu = 00:00:26 ; elapsed = 00:00:23 . Memory (MB): peak = 1101.961 ; gain = 110.395

Phase 7 Route finalize

Router Utilization Summary
  Global Vertical Routing Utilization    = 0.00212281 %
  Global Horizontal Routing Utilization  = 0.00245098 %
  Routable Net Status*
  *Does not include unroutable nets such as driverless and loadless.
  Run report_route_status for detailed report.
  Number of Failed Nets               = 0
  Number of Unrouted Nets             = 0
  Number of Partially Routed Nets     = 0
  Number of Node Overlaps             = 0

Congestion Report
North Dir 1x1 Area, Max Cong = 5.40541%, No Congested Regions.
South Dir 1x1 Area, Max Cong = 5.40541%, No Congested Regions.
East Dir 1x1 Area, Max Cong = 1.47059%, No Congested Regions.
West Dir 1x1 Area, Max Cong = 4.41176%, No Congested Regions.
Phase 7 Route finalize | Checksum: 197a4fefa

Time (s): cpu = 00:00:26 ; elapsed = 00:00:23 . Memory (MB): peak = 1101.961 ; gain = 110.395

Phase 8 Verifying routed nets

 Verification completed successfully
Phase 8 Verifying routed nets | Checksum: 197a4fefa

Time (s): cpu = 00:00:26 ; elapsed = 00:00:23 . Memory (MB): peak = 1101.961 ; gain = 110.395

Phase 9 Depositing Routes
Phase 9 Depositing Routes | Checksum: 1a2e24c72

Time (s): cpu = 00:00:26 ; elapsed = 00:00:23 . Memory (MB): peak = 1101.961 ; gain = 110.395
INFO: [Route 35-16] Router Completed Successfully

Time (s): cpu = 00:00:26 ; elapsed = 00:00:23 . Memory (MB): peak = 1101.961 ; gain = 110.395

Routing Is Done.
INFO: [Common 17-83] Releasing license: Implementation
42 Infos, 0 Warnings, 0 Critical Warnings and 0 Errors encountered.
route_design completed successfully
route_design: Time (s): cpu = 00:00:26 ; elapsed = 00:00:24 . Memory (MB): peak = 1101.961 ; gain = 110.395
Writing placer database...
Writing XDEF routing.
Writing XDEF routing logical nets.
Writing XDEF routing special nets.
Write XDEF Complete: Time (s): cpu = 00:00:01 ; elapsed = 00:00:00.053 . Memory (MB): peak = 1101.961 ; gain = 0.000
INFO: [DRC 23-27] Running DRC with 2 threads
INFO: [Coretcl 2-168] The results of DRC are in file C:/Users/gomjellie/Documents/GitHub/Verilog/LinearFeedbackShiftReg/LinearFeedbackShiftReg.runs/impl_1/LinearFeedbackShiftReg_drc_routed.rpt.
INFO: [Timing 38-91] UpdateTimingParams: Speed grade: -1, Delay Type: min_max.
INFO: [Timing 38-191] Multithreading enabled for timing update using a maximum of 2 CPUs
WARNING: [Timing 38-313] There are no user specified timing constraints. Timing constraints are needed for proper timing analysis.
WARNING: [Power 33-232] No user defined clocks were found in the design!
Resolution: Please specify clocks using create_clock/create_generated_clock for sequential elements. For pure combinatorial circuits, please specify a virtual clock, otherwise the vectorless estimation might be inaccurate
Running Vector-less Activity Propagation...

Finished Running Vector-less Activity Propagation
INFO: [Common 17-206] Exiting Vivado at Sat Jun 04 00:28:38 2016...
