Copyright 1986-2016 Xilinx, Inc. All Rights Reserved.
------------------------------------------------------------------------------------
| Tool Version : Vivado v.2016.1 (win64) Build 1538259 Fri Apr  8 15:45:27 MDT 2016
| Date         : Sun Jun 12 16:22:57 2016
| Host         : I7-GOMJELLIE running 64-bit major release  (build 9200)
| Command      : report_drc -file Timer_drc_opted.rpt
| Design       : Timer
| Device       : xc7z020clg484-1
| Speed File   : -1
------------------------------------------------------------------------------------

Report DRC

Table of Contents
-----------------
1. REPORT SUMMARY
2. REPORT DETAILS

1. REPORT SUMMARY
-----------------
            Netlist: netlist
          Floorplan: design_1
      Design limits: <entire design considered>
           Ruledeck: default
             Max violations: <unlimited>
             Violations found: 2

2. REPORT DETAILS
-----------------
PLHOLDVIO-2#1 Warning
Non-Optimal connections which could lead to hold violations  
A LUT count/tc_i_2 is driving clock pin of 9 cells. This could lead to large hold time violations. First few involved cells are:
    count/D1_reg[0] {FDRE}
    count/D1_reg[1] {FDRE}
    count/D1_reg[2] {FDRE}
    count/Q_reg[0] {FDRE}
    count/D1_reg[3] {FDRE}

Related violations: <none>

ZPS7-1#1 Warning
PS7 block required  
The PS7 cell must be used in this Zynq design in order to enable correct default configuration.
Related violations: <none>


