#-----------------------------------------------------------
# Vivado v2015.4 (64-bit)
# SW Build 1412921 on Wed Nov 18 09:43:45 MST 2015
# IP Build 1412160 on Tue Nov 17 13:47:24 MST 2015
# Start of session at: Sun Apr 03 20:26:38 2016
# Process ID: 4948
# Current directory: C:/Users/g0mJellie/Desktop/수행평가/디지회/디지회 4주차 베릴로그 숙제/project_7
# Command line: vivado.exe -gui_launcher_event rodinguilauncherevent4380 C:\Users\g0mJellie\Desktop\수행평가\디지회\디지회 4주차 베릴로그 숙제\project_7\project_7.xpr
# Log file: C:/Users/g0mJellie/Desktop/수행평가/디지회/디지회 4주차 베릴로그 숙제/project_7/vivado.log
# Journal file: C:/Users/g0mJellie/Desktop/수행평가/디지회/디지회 4주차 베릴로그 숙제/project_7\vivado.jou
#-----------------------------------------------------------
start_guioopen_project {C:/Users/g0mJellie/Desktop/수행평가/디지회/디지회 4주차 베릴로그 숙제/project_7/project_7.xpr}
Scanning sources...
Finished scanning sources
INFO: [IP_Flow 19-234] Refreshing IP repositories
INFO: [IP_Flow 19-1704] No user IP repositories specified
INFO: [IP_Flow 19-2313] Loaded Vivado IP repository 'C:/Xilinx/Vivado/2015.4/data/ip'.
epositories specified
INFO: [IP_Flow 19-2313] Loaded Vivado IP repository 'C:/Xilinx/Vivado/2015.4/data/ip'.
open_project: Time (s): cpu = 00:00:21 ; elapsed = 00:00:20 . Memory (MB): peak = 715.957 ; gain = 120.844
exit
INFO: [Common 17-206] Exiting Vivado at Sun Apr 03 20:29:10 2016...
